R version 3.4.4 (2018-03-15)
Platform: x86_64-apple-darwin15.6.0 (64-bit)
Running under: OS X El Capitan 10.11.6

Matrix products: default
BLAS: /Library/Frameworks/R.framework/Versions/3.4/Resources/lib/libRblas.0.dylib
LAPACK: /Library/Frameworks/R.framework/Versions/3.4/Resources/lib/libRlapack.dylib

locale:
[1] zh_TW.UTF-8/zh_TW.UTF-8/zh_TW.UTF-8/C/zh_TW.UTF-8/zh_TW.UTF-8

attached base packages:
[1] stats     graphics  grDevices utils     datasets  methods   base     

other attached packages:
 [1] DT_0.5          forcats_0.3.0   stringr_1.3.1   purrr_0.2.5    
 [5] readr_1.3.1     tidyr_0.8.2     tibble_1.4.2    tidyverse_1.2.1
 [9] ggplot2_3.1.0   dplyr_0.7.8     xtable_1.8-3    magrittr_1.5   
[13] knitr_1.20     

loaded via a namespace (and not attached):
 [1] Rcpp_1.0.0       cellranger_1.1.0 pillar_1.3.1     compiler_3.4.4  
 [5] plyr_1.8.4       bindr_0.1.1      tools_3.4.4      digest_0.6.18   
 [9] lubridate_1.7.4  jsonlite_1.6     evaluate_0.12    gtable_0.2.0    
[13] nlme_3.1-131.1   lattice_0.20-35  pkgconfig_2.0.2  rlang_0.3.0.1   
[17] cli_1.0.1        rstudioapi_0.9.0 yaml_2.2.0       haven_2.0.0     
[21] bindrcpp_0.2.2   xml2_1.2.0       httr_1.4.0       withr_2.1.2     
[25] htmlwidgets_1.3  hms_0.4.2        generics_0.0.2   grid_3.4.4      
[29] tidyselect_0.2.5 glue_1.3.0       R6_2.3.0         readxl_1.2.0    
[33] rmarkdown_1.11   modelr_0.1.2     backports_1.1.3  scales_1.0.0    
[37] htmltools_0.3.6  rvest_0.3.2      assertthat_0.2.0 colorspace_1.3-2
[41] stringi_1.2.4    lazyeval_0.2.1   munsell_0.5.0    broom_0.5.1     
[45] crayon_1.3.4    
